mode: atomic
github.com/aureliomalheiros/aragomodoro/internal/pomodoro/pomodoro.go:13.20,18.2 4 0
github.com/aureliomalheiros/aragomodoro/internal/pomodoro/pomodoro.go:20.77,22.46 1 17
github.com/aureliomalheiros/aragomodoro/internal/pomodoro/pomodoro.go:22.46,24.3 1 8
github.com/aureliomalheiros/aragomodoro/internal/pomodoro/pomodoro.go:25.2,25.46 1 9
github.com/aureliomalheiros/aragomodoro/internal/pomodoro/pomodoro.go:25.46,27.3 1 4
github.com/aureliomalheiros/aragomodoro/internal/pomodoro/pomodoro.go:28.2,28.22 1 5
github.com/aureliomalheiros/aragomodoro/internal/pomodoro/pomodoro.go:28.22,30.3 1 2
github.com/aureliomalheiros/aragomodoro/internal/pomodoro/pomodoro.go:32.2,32.12 1 3
github.com/aureliomalheiros/aragomodoro/internal/pomodoro/pomodoro.go:35.97,37.85 1 0
github.com/aureliomalheiros/aragomodoro/internal/pomodoro/pomodoro.go:37.85,40.3 2 0
github.com/aureliomalheiros/aragomodoro/internal/pomodoro/pomodoro.go:42.2,42.21 1 0
github.com/aureliomalheiros/aragomodoro/internal/pomodoro/pomodoro.go:42.21,45.3 2 0
github.com/aureliomalheiros/aragomodoro/internal/pomodoro/pomodoro.go:47.2,57.21 8 0
github.com/aureliomalheiros/aragomodoro/internal/pomodoro/pomodoro.go:57.21,60.3 2 0
github.com/aureliomalheiros/aragomodoro/internal/pomodoro/pomodoro.go:64.41,65.69 1 0
github.com/aureliomalheiros/aragomodoro/internal/pomodoro/pomodoro.go:65.69,68.3 2 0
github.com/aureliomalheiros/aragomodoro/internal/pomodoro/pomodoro.go:69.2,69.52 1 0
github.com/aureliomalheiros/aragomodoro/internal/pomodoro/pomodoro.go:72.61,73.6 1 0
github.com/aureliomalheiros/aragomodoro/internal/pomodoro/pomodoro.go:73.6,75.3 1 0
github.com/aureliomalheiros/aragomodoro/internal/pomodoro/pomodoro.go:78.76,79.36 1 0
github.com/aureliomalheiros/aragomodoro/internal/pomodoro/pomodoro.go:79.36,82.22 3 0
github.com/aureliomalheiros/aragomodoro/internal/pomodoro/pomodoro.go:82.22,84.4 1 0
github.com/aureliomalheiros/aragomodoro/internal/pomodoro/pomodoro.go:84.9,84.30 1 0
github.com/aureliomalheiros/aragomodoro/internal/pomodoro/pomodoro.go:84.30,87.4 2 0
github.com/aureliomalheiros/aragomodoro/internal/ascii_text/ascii_text.go:5.34,16.2 1 2
github.com/aureliomalheiros/aragomodoro/internal/ascii_text/ascii_text.go:18.28,28.2 1 2
github.com/aureliomalheiros/aragomodoro/internal/sound/sound.go:23.76,24.71 1 0
github.com/aureliomalheiros/aragomodoro/internal/sound/sound.go:24.71,25.26 1 0
github.com/aureliomalheiros/aragomodoro/internal/sound/sound.go:25.26,30.4 4 0
github.com/aureliomalheiros/aragomodoro/internal/sound/sound.go:31.3,31.28 1 0
github.com/aureliomalheiros/aragomodoro/internal/sound/sound.go:33.2,33.69 1 0
github.com/aureliomalheiros/aragomodoro/internal/sound/sound.go:36.33,37.10 1 3
github.com/aureliomalheiros/aragomodoro/internal/sound/sound.go:37.10,39.3 1 3
github.com/aureliomalheiros/aragomodoro/internal/sound/sound.go:41.2,41.24 1 0
github.com/aureliomalheiros/aragomodoro/internal/sound/sound.go:41.24,43.3 1 0
github.com/aureliomalheiros/aragomodoro/internal/sound/sound.go:45.2,46.26 2 0
github.com/aureliomalheiros/aragomodoro/internal/sound/sound.go:46.26,50.3 3 0
github.com/aureliomalheiros/aragomodoro/internal/sound/sound.go:52.2,54.42 2 0
github.com/aureliomalheiros/aragomodoro/internal/sound/sound.go:54.42,54.58 1 0
github.com/aureliomalheiros/aragomodoro/internal/sound/sound.go:56.2,56.8 1 0
github.com/aureliomalheiros/aragomodoro/internal/sound/themes.go:5.21,15.2 2 1
github.com/aureliomalheiros/aragomodoro/internal/sound/themes.go:17.19,26.2 2 1
github.com/aureliomalheiros/aragomodoro/internal/sound/themes.go:28.25,37.2 2 0
github.com/aureliomalheiros/aragomodoro/internal/sound/themes.go:39.23,47.2 2 0
github.com/aureliomalheiros/aragomodoro/internal/sound/themes.go:49.21,61.2 2 1
github.com/aureliomalheiros/aragomodoro/cmd/root.go:26.47,27.14 1 0
github.com/aureliomalheiros/aragomodoro/cmd/root.go:27.14,29.17 2 0
github.com/aureliomalheiros/aragomodoro/cmd/root.go:29.17,31.5 1 0
github.com/aureliomalheiros/aragomodoro/cmd/root.go:32.4,36.44 4 0
github.com/aureliomalheiros/aragomodoro/cmd/root.go:36.44,37.15 1 0
github.com/aureliomalheiros/aragomodoro/cmd/root.go:39.9,42.4 2 0
github.com/aureliomalheiros/aragomodoro/cmd/root.go:46.16,47.42 1 0
github.com/aureliomalheiros/aragomodoro/cmd/root.go:47.42,49.3 1 0
github.com/aureliomalheiros/aragomodoro/cmd/root.go:52.13,59.2 6 1
github.com/aureliomalheiros/aragomodoro/internal/web/handlers.go:20.42,22.3 1 0
github.com/aureliomalheiros/aragomodoro/internal/web/handlers.go:54.57,57.16 2 5
github.com/aureliomalheiros/aragomodoro/internal/web/handlers.go:57.16,61.3 3 0
github.com/aureliomalheiros/aragomodoro/internal/web/handlers.go:63.2,75.16 6 5
github.com/aureliomalheiros/aragomodoro/internal/web/handlers.go:75.16,79.3 3 0
github.com/aureliomalheiros/aragomodoro/internal/web/handlers.go:83.63,84.33 1 6
github.com/aureliomalheiros/aragomodoro/internal/web/handlers.go:84.33,87.3 2 2
github.com/aureliomalheiros/aragomodoro/internal/web/handlers.go:89.2,90.61 2 4
github.com/aureliomalheiros/aragomodoro/internal/web/handlers.go:90.61,93.3 2 2
github.com/aureliomalheiros/aragomodoro/internal/web/handlers.go:95.2,95.106 1 2
github.com/aureliomalheiros/aragomodoro/internal/web/handlers.go:95.106,98.3 2 1
github.com/aureliomalheiros/aragomodoro/internal/web/handlers.go:101.2,102.64 2 1
github.com/aureliomalheiros/aragomodoro/internal/web/handlers.go:102.64,104.10 2 0
github.com/aureliomalheiros/aragomodoro/internal/web/handlers.go:105.38,105.38 0 0
github.com/aureliomalheiros/aragomodoro/internal/web/handlers.go:106.11,106.11 0 0
github.com/aureliomalheiros/aragomodoro/internal/web/handlers.go:109.2,114.67 4 1
github.com/aureliomalheiros/aragomodoro/internal/web/handlers.go:117.62,119.64 2 4
github.com/aureliomalheiros/aragomodoro/internal/web/handlers.go:119.64,121.10 2 0
github.com/aureliomalheiros/aragomodoro/internal/web/handlers.go:122.38,122.38 0 0
github.com/aureliomalheiros/aragomodoro/internal/web/handlers.go:123.11,123.11 0 0
github.com/aureliomalheiros/aragomodoro/internal/web/handlers.go:126.2,129.67 3 4
github.com/aureliomalheiros/aragomodoro/internal/web/handlers.go:132.62,134.16 2 2
github.com/aureliomalheiros/aragomodoro/internal/web/handlers.go:134.16,137.3 2 2
github.com/aureliomalheiros/aragomodoro/internal/web/handlers.go:138.2,145.33 6 0
github.com/aureliomalheiros/aragomodoro/internal/web/handlers.go:145.33,147.3 1 0
github.com/aureliomalheiros/aragomodoro/internal/web/handlers.go:148.2,150.6 2 0
github.com/aureliomalheiros/aragomodoro/internal/web/handlers.go:150.6,152.17 2 0
github.com/aureliomalheiros/aragomodoro/internal/web/handlers.go:152.17,156.9 4 0
github.com/aureliomalheiros/aragomodoro/internal/web/handlers.go:161.64,175.52 5 1
github.com/aureliomalheiros/aragomodoro/internal/web/handlers.go:175.52,183.43 7 1
github.com/aureliomalheiros/aragomodoro/internal/web/handlers.go:183.43,185.4 1 1
github.com/aureliomalheiros/aragomodoro/internal/web/handlers.go:187.3,187.53 1 0
github.com/aureliomalheiros/aragomodoro/internal/web/handlers.go:187.53,194.44 6 0
github.com/aureliomalheiros/aragomodoro/internal/web/handlers.go:194.44,196.5 1 0
github.com/aureliomalheiros/aragomodoro/internal/web/handlers.go:200.2,205.22 6 0
github.com/aureliomalheiros/aragomodoro/internal/web/handlers.go:208.63,212.39 3 1
github.com/aureliomalheiros/aragomodoro/internal/web/handlers.go:212.39,213.10 1 1
github.com/aureliomalheiros/aragomodoro/internal/web/handlers.go:214.22,215.16 1 0
github.com/aureliomalheiros/aragomodoro/internal/web/handlers.go:216.11,218.25 2 1
github.com/aureliomalheiros/aragomodoro/internal/web/handlers.go:218.25,220.5 1 1
github.com/aureliomalheiros/aragomodoro/internal/web/handlers.go:221.4,224.11 3 1
github.com/aureliomalheiros/aragomodoro/internal/web/handlers.go:225.23,226.17 1 1
github.com/aureliomalheiros/aragomodoro/internal/web/handlers.go:227.20,227.20 0 0
github.com/aureliomalheiros/aragomodoro/internal/web/handlers.go:232.2,232.13 1 0
github.com/aureliomalheiros/aragomodoro/internal/web/handlers.go:235.46,240.20 4 1
github.com/aureliomalheiros/aragomodoro/internal/web/handlers.go:240.20,242.3 1 0
github.com/aureliomalheiros/aragomodoro/internal/web/handlers.go:244.2,245.33 2 1
github.com/aureliomalheiros/aragomodoro/internal/web/handlers.go:245.33,247.17 2 0
github.com/aureliomalheiros/aragomodoro/internal/web/handlers.go:247.17,250.4 2 0
github.com/aureliomalheiros/aragomodoro/internal/web/handlers.go:252.2,252.24 1 1
github.com/aureliomalheiros/aragomodoro/internal/web/server.go:13.34,21.2 3 8
github.com/aureliomalheiros/aragomodoro/internal/web/server.go:23.32,27.2 3 1
github.com/aureliomalheiros/aragomodoro/internal/web/server.go:29.32,34.2 4 8
github.com/aureliomalheiros/aragomodoro/main.go:5.13,7.2 1 0
